[      63ms] [INFO] %cDownload the React DevTools for a better development experience: https://react.dev/link/react-devtools font-weight:bold @ http://localhost:3000/static/js/bundle.js:72811
[      70ms] [LOG] [LAT] frontend latency logging disabled (set REACT_APP_LATENCY_LOG=true and rebuild to enable) @ http://localhost:3000/static/js/bundle.js:102994
[      84ms] [LOG] [AuthContext] checkAuth started @ http://localhost:3000/static/js/bundle.js:102071
[      84ms] [LOG] [AuthContext] Token in localStorage: exists @ http://localhost:3000/static/js/bundle.js:102074
[      84ms] [LOG] [AuthContext] Calling getCurrentUser API... @ http://localhost:3000/static/js/bundle.js:102076
[      86ms] [LOG] [AuthContext] checkAuth started @ http://localhost:3000/static/js/bundle.js:102071
[      86ms] [LOG] [AuthContext] Token in localStorage: exists @ http://localhost:3000/static/js/bundle.js:102074
[      86ms] [LOG] [AuthContext] Calling getCurrentUser API... @ http://localhost:3000/static/js/bundle.js:102076
[      87ms] [LOG] [ProtectedRoute] Render: {isAuthenticated: false, isLoading: true} @ http://localhost:3000/static/js/bundle.js:96169
[      87ms] [LOG] [ProtectedRoute] Showing loading spinner @ http://localhost:3000/static/js/bundle.js:96174
[      87ms] [LOG] [ProtectedRoute] Render: {isAuthenticated: false, isLoading: true} @ http://localhost:3000/static/js/bundle.js:96169
[      87ms] [LOG] [ProtectedRoute] Showing loading spinner @ http://localhost:3000/static/js/bundle.js:96174
[     101ms] [LOG] [AuthContext] getCurrentUser result: {success: true, user: Object} @ http://localhost:3000/static/js/bundle.js:102078
[     101ms] [LOG] [AuthContext] Setting user: {id: 5218557c-6f2e-404d-b90b-3f333b92eba9, email: testcoach@test.com, username: testcoach, created_at: 2026-05-02T08:19:37.523Z} @ http://localhost:3000/static/js/bundle.js:102080
[     101ms] [LOG] [AuthContext] Setting isLoading to false @ http://localhost:3000/static/js/bundle.js:102091
[     101ms] [LOG] [ProtectedRoute] Render: {isAuthenticated: true, isLoading: false} @ http://localhost:3000/static/js/bundle.js:96169
[     101ms] [LOG] [ProtectedRoute] Authenticated, rendering children @ http://localhost:3000/static/js/bundle.js:96204
[     101ms] [LOG] [ProtectedRoute] Render: {isAuthenticated: true, isLoading: false} @ http://localhost:3000/static/js/bundle.js:96169
[     101ms] [LOG] [ProtectedRoute] Authenticated, rendering children @ http://localhost:3000/static/js/bundle.js:96204
[     153ms] [LOG] [AuthContext] getCurrentUser result: {success: true, user: Object} @ http://localhost:3000/static/js/bundle.js:102078
[     153ms] [LOG] [AuthContext] Setting user: {id: 5218557c-6f2e-404d-b90b-3f333b92eba9, email: testcoach@test.com, username: testcoach, created_at: 2026-05-02T08:19:37.523Z} @ http://localhost:3000/static/js/bundle.js:102080
[     153ms] [LOG] [AuthContext] Setting isLoading to false @ http://localhost:3000/static/js/bundle.js:102091
[     153ms] [LOG] [ProtectedRoute] Render: {isAuthenticated: true, isLoading: false} @ http://localhost:3000/static/js/bundle.js:96169
[     153ms] [LOG] [ProtectedRoute] Authenticated, rendering children @ http://localhost:3000/static/js/bundle.js:96204
[     153ms] [LOG] [ProtectedRoute] Render: {isAuthenticated: true, isLoading: false} @ http://localhost:3000/static/js/bundle.js:96169
[     153ms] [LOG] [ProtectedRoute] Authenticated, rendering children @ http://localhost:3000/static/js/bundle.js:96204
[   87765ms] [LOG] Shot received: {shot_number: 1, timestamp: 2026-05-02T08:21:30.759Z, landing_position_x: 1.25, landing_position_y: -6.32, target_position_x: 0.46} @ http://localhost:3000/static/js/bundle.js:102277
[   87854ms] [LOG] Shot received: {shot_number: 2, timestamp: 2026-05-02T08:21:30.861Z, landing_position_x: 4.13, landing_position_y: -0.12, target_position_x: 5.64} @ http://localhost:3000/static/js/bundle.js:102277
[   87961ms] [LOG] Shot received: {shot_number: 3, timestamp: 2026-05-02T08:21:30.966Z, landing_position_x: 5.25, landing_position_y: -5.58, target_position_x: 5.64} @ http://localhost:3000/static/js/bundle.js:102277
[   88063ms] [LOG] Shot received: {shot_number: 4, timestamp: 2026-05-02T08:21:31.067Z, landing_position_x: 1.86, landing_position_y: -6.23, target_position_x: 0.46} @ http://localhost:3000/static/js/bundle.js:102277
[   88172ms] [LOG] Shot received: {shot_number: 5, timestamp: 2026-05-02T08:21:31.170Z, landing_position_x: 1.43, landing_position_y: -6.29, target_position_x: 0.46} @ http://localhost:3000/static/js/bundle.js:102277
[   88275ms] [LOG] Shot received: {shot_number: 6, timestamp: 2026-05-02T08:21:31.276Z, landing_position_x: 5.14, landing_position_y: -5.75, target_position_x: 5.64} @ http://localhost:3000/static/js/bundle.js:102277
[   88372ms] [LOG] Shot received: {shot_number: 7, timestamp: 2026-05-02T08:21:31.381Z, landing_position_x: 1.9, landing_position_y: -4.95, target_position_x: 0.46} @ http://localhost:3000/static/js/bundle.js:102277
[   88476ms] [LOG] Shot received: {shot_number: 8, timestamp: 2026-05-02T08:21:31.484Z, landing_position_x: 2, landing_position_y: -0.58, target_position_x: 5.64} @ http://localhost:3000/static/js/bundle.js:102277
[   88587ms] [LOG] Shot received: {shot_number: 9, timestamp: 2026-05-02T08:21:31.589Z, landing_position_x: 0.87, landing_position_y: -3.23, target_position_x: 0.46} @ http://localhost:3000/static/js/bundle.js:102277
[   88683ms] [LOG] Shot received: {shot_number: 10, timestamp: 2026-05-02T08:21:31.692Z, landing_position_x: 4.91, landing_position_y: -5.34, target_position_x: 5.64} @ http://localhost:3000/static/js/bundle.js:102277
[   89187ms] [LOG] Session stats updated: {total_shots: 10, in_box_shots: 0, average_score: 15.39, average_shot_velocity_kmh: 239.212} @ http://localhost:3000/static/js/bundle.js:102324
